[error] /home/allocius/Desktop/Project consumer/src/main/scala/KafkaConsumerService.scala:36:18: not found: type SparkConf
[error]   val conf = new SparkConf().setMaster("local[2]").setAppName("KafkaConsumer")
[error]                  ^
[error] /home/allocius/Desktop/Project consumer/src/main/scala/KafkaConsumerService.scala:37:17: not found: type StreamingContext
[error]   val ssc = new StreamingContext(sparkConf, Seconds(1))
[error]                 ^
[error] /home/allocius/Desktop/Project consumer/src/main/scala/KafkaConsumerService.scala:37:34: not found: value sparkConf
[error]   val ssc = new StreamingContext(sparkConf, Seconds(1))
[error]                                  ^
[error] /home/allocius/Desktop/Project consumer/src/main/scala/KafkaConsumerService.scala:37:45: not found: value Seconds
[error]   val ssc = new StreamingContext(sparkConf, Seconds(1))
[error]                                             ^
[error] /home/allocius/Desktop/Project consumer/src/main/scala/KafkaConsumerService.scala:49:16: Symbol 'type org.apache.spark.internal.Logging' is missing from the classpath.
[error] This symbol is required by 'object org.apache.spark.streaming.kafka010.KafkaUtils'.
[error] Make sure that type Logging is in your classpath and check for conflicting dependencies with `-Ylog-classpath`.
[error] A full rebuild may help if 'KafkaUtils.class' was compiled against an incompatible version of org.apache.spark.internal.
[error]   val stream = KafkaUtils.createDirectStream[String,String](
[error]                ^
[error] /home/allocius/Desktop/Project consumer/src/main/scala/KafkaConsumerService.scala:50:5: Symbol 'type org.apache.spark.streaming.api.java.JavaStreamingContext' is missing from the classpath.
[error] This symbol is required by 'value org.apache.spark.streaming.kafka010.KafkaUtils.jssc'.
[error] Make sure that type JavaStreamingContext is in your classpath and check for conflicting dependencies with `-Ylog-classpath`.
[error] A full rebuild may help if 'KafkaUtils.class' was compiled against an incompatible version of org.apache.spark.streaming.api.java.
[error]     ssc,
[error]     ^
[error] /home/allocius/Desktop/Project consumer/src/main/scala/KafkaConsumerService.scala:52:5: not found: value Suscribe
[error]     Suscribe[String,String](topics,kafkaParams)
[error]     ^
[error] 7 errors found
[error] (Compile / compileIncremental) Compilation failed
[error] Total time: 25 s, completed Mar 31, 2022, 8:57:01 PM



WHEN I RE-RUN:

sbt.librarymanagement.ResolveException: Error downloading org.apache.spark:spark-core_2.13:3.1.2
[error]   Not found
[error]   Not found
[error]   not found: /home/allocius/.ivy2/localorg.apache.spark/spark-core_2.13/3.1.2/ivys/ivy.xml
[error]   not found: https://repo1.maven.org/maven2/org/apache/spark/spark-core_2.13/3.1.2/spark-core_2.13-3.1.2.pom
[error] Error downloading org.apache.spark:spark-sql_2.13:3.1.2
[error]   Not found
[error]   Not found
[error]   not found: /home/allocius/.ivy2/localorg.apache.spark/spark-sql_2.13/3.1.2/ivys/ivy.xml
[error]   not found: https://repo1.maven.org/maven2/org/apache/spark/spark-sql_2.13/3.1.2/spark-sql_2.13-3.1.2.pom
[error]         at lmcoursier.CoursierDependencyResolution.unresolvedWarningOrThrow(CoursierDependencyResolution.scala:258)
[error]         at lmcoursier.CoursierDependencyResolution.$anonfun$update$38(CoursierDependencyResolution.scala:227)
[error]         at scala.util.Either$LeftProjection.map(Either.scala:573)
[error]         at lmcoursier.CoursierDependencyResolution.update(CoursierDependencyResolution.scala:227)
[error]         at sbt.librarymanagement.DependencyResolution.update(DependencyResolution.scala:60)
[error]         at sbt.internal.LibraryManagement$.resolve$1(LibraryManagement.scala:59)
[error]         at sbt.internal.LibraryManagement$.$anonfun$cachedUpdate$12(LibraryManagement.scala:133)
[error]         at sbt.util.Tracked$.$anonfun$lastOutput$1(Tracked.scala:73)
[error]         at sbt.internal.LibraryManagement$.$anonfun$cachedUpdate$20(LibraryManagement.scala:146)
[error]         at scala.util.control.Exception$Catch.apply(Exception.scala:228)
[error]         at sbt.internal.LibraryManagement$.$anonfun$cachedUpdate$11(LibraryManagement.scala:146)
[error]         at sbt.internal.LibraryManagement$.$anonfun$cachedUpdate$11$adapted(LibraryManagement.scala:127)
[error]         at sbt.util.Tracked$.$anonfun$inputChangedW$1(Tracked.scala:219)
[error]         at sbt.internal.LibraryManagement$.cachedUpdate(LibraryManagement.scala:160)
[error]         at sbt.Classpaths$.$anonfun$updateTask0$1(Defaults.scala:3678)
[error]         at scala.Function1.$anonfun$compose$1(Function1.scala:49)
[error]         at sbt.internal.util.$tilde$greater.$anonfun$$u2219$1(TypeFunctions.scala:62)
[error]         at sbt.std.Transform$$anon$4.work(Transform.scala:68)
[error]         at sbt.Execute.$anonfun$submit$2(Execute.scala:282)
[error]         at sbt.internal.util.ErrorHandling$.wideConvert(ErrorHandling.scala:23)
[error]         at sbt.Execute.work(Execute.scala:291)
[error]         at sbt.Execute.$anonfun$submit$1(Execute.scala:282)
[error]         at sbt.ConcurrentRestrictions$$anon$4.$anonfun$submitValid$1(ConcurrentRestrictions.scala:265)
[error]         at sbt.CompletionService$$anon$2.call(CompletionService.scala:64)
[error]         at java.base/java.util.concurrent.FutureTask.run(FutureTask.java:264)
[error]         at java.base/java.util.concurrent.Executors$RunnableAdapter.call(Executors.java:515)
[error]         at java.base/java.util.concurrent.FutureTask.run(FutureTask.java:264)
[error]         at java.base/java.util.concurrent.ThreadPoolExecutor.runWorker(ThreadPoolExecutor.java:1128)
[error]         at java.base/java.util.concurrent.ThreadPoolExecutor$Worker.run(ThreadPoolExecutor.java:628)
[error]         at java.base/java.lang.Thread.run(Thread.java:829)
[error] (update) sbt.librarymanagement.ResolveException: Error downloading org.apache.spark:spark-core_2.13:3.1.2
[error]   Not found
[error]   Not found
[error]   not found: /home/allocius/.ivy2/localorg.apache.spark/spark-core_2.13/3.1.2/ivys/ivy.xml
[error]   not found: https://repo1.maven.org/maven2/org/apache/spark/spark-core_2.13/3.1.2/spark-core_2.13-3.1.2.pom
[error] Error downloading org.apache.spark:spark-sql_2.13:3.1.2
[error]   Not found
[error]   Not found
[error]   not found: /home/allocius/.ivy2/localorg.apache.spark/spark-sql_2.13/3.1.2/ivys/ivy.xml
[error]   not found: https://repo1.maven.org/maven2/org/apache/spark/spark-sql_2.13/3.1.2/spark-sql_2.13-3.1.2.pom
[error] Total time: 2 s, completed Mar 31, 2022, 9:01:38 PM
